<?xml version="1.0" encoding="UTF-8"?>
<!-- Generated by org.testng.reporters.JUnitXMLReporter -->
<testsuite hostname="LAPTOP-9738CE5M" ignored="0" name="PHP Travel Demo Page" tests="4" failures="4" timestamp="03 Sep 2020 13:37:08 GMT" time="4.939" errors="0">
  <testcase name="Numberdresses" time="0.056" classname="com.qa.tests.DressesPageTest">
    <failure type="java.lang.NullPointerException">
      <![CDATA[java.lang.NullPointerException
at com.qa.tests.DressesPageTest.Numberdresses(DressesPageTest.java:32)
... Removed 25 stack frames]]>
    </failure>
  </testcase> <!-- Numberdresses -->
  <testcase name="Listdresses" time="0.004" classname="com.qa.tests.DressesPageTest">
    <failure type="java.lang.NullPointerException">
      <![CDATA[java.lang.NullPointerException
at com.qa.tests.DressesPageTest.Listdresses(DressesPageTest.java:45)
... Removed 25 stack frames]]>
    </failure>
  </testcase> <!-- Listdresses -->
  <testcase name="Pricedresses" time="0.004" classname="com.qa.tests.DressesPageTest">
    <failure type="java.lang.NullPointerException">
      <![CDATA[java.lang.NullPointerException
at com.qa.tests.DressesPageTest.Pricedresses(DressesPageTest.java:57)
... Removed 25 stack frames]]>
    </failure>
  </testcase> <!-- Pricedresses -->
  <testcase name="Discountdresses" time="0.003" classname="com.qa.tests.DressesPageTest">
    <failure type="java.lang.NullPointerException">
      <![CDATA[java.lang.NullPointerException
at com.qa.tests.DressesPageTest.Discountdresses(DressesPageTest.java:66)
... Removed 25 stack frames]]>
    </failure>
  </testcase> <!-- Discountdresses -->
</testsuite> <!-- PHP Travel Demo Page -->
