<?xml version="1.0" encoding="UTF-8"?>
<!-- Generated by org.testng.reporters.JUnitXMLReporter -->
<testsuite hostname="LAPTOP-9738CE5M" ignored="0" name="Hubspot feature Testing" tests="1" failures="1" timestamp="14 Aug 2020 12:35:19 GMT" time="20348.548" errors="0">
  <testcase name="navigatetoHomePage" time="20330.583" classname="com.qa.tests.DemoPageTest">
    <failure type="java.lang.NullPointerException">
      <![CDATA[java.lang.NullPointerException
at com.qa.pages.Demo.clickonHomepagebutton(Demo.java:27)
at com.qa.tests.DemoPageTest.navigatetoHomePage(DemoPageTest.java:25)
... Removed 25 stack frames]]>
    </failure>
  </testcase> <!-- navigatetoHomePage -->
</testsuite> <!-- Hubspot feature Testing -->
