<?xml version="1.0" encoding="UTF-8"?>
<testng-results skipped="0" failed="4" ignored="0" total="4" passed="0">
  <reporter-output>
  </reporter-output>
  <suite name="Ecommerce regression suite" duration-ms="19268" started-at="2020-10-10T05:10:59Z" finished-at="2020-10-10T05:11:18Z">
    <groups>
    </groups>
    <test name="Ecommerce Demo Page" duration-ms="19268" started-at="2020-10-10T05:10:59Z" finished-at="2020-10-10T05:11:18Z">
      <class name="com.qa.tests.DressesPageTest">
        <test-method status="PASS" signature="initialize()[pri:0, instance:com.qa.tests.DressesPageTest@2cf92cc7]" name="initialize" is-config="true" duration-ms="15558" started-at="2020-10-10T05:10:59Z" finished-at="2020-10-10T05:11:14Z">
          <reporter-output>
          </reporter-output>
        </test-method> <!-- initialize -->
        <test-method status="FAIL" signature="Listdresses()[pri:0, instance:com.qa.tests.DressesPageTest@2cf92cc7]" name="Listdresses" duration-ms="171" started-at="2020-10-10T05:11:14Z" finished-at="2020-10-10T05:11:14Z">
          <exception class="java.lang.NullPointerException">
            <full-stacktrace>
              <![CDATA[java.lang.NullPointerException
at com.qa.pages.DressesPage.listofDress(DressesPage.java:40)
at com.qa.tests.DressesPageTest.Listdresses(DressesPageTest.java:32)
at sun.reflect.NativeMethodAccessorImpl.invoke0(Native Method)
at sun.reflect.NativeMethodAccessorImpl.invoke(NativeMethodAccessorImpl.java:62)
at sun.reflect.DelegatingMethodAccessorImpl.invoke(DelegatingMethodAccessorImpl.java:43)
at java.lang.reflect.Method.invoke(Method.java:498)
at org.testng.internal.MethodInvocationHelper.invokeMethod(MethodInvocationHelper.java:124)
at org.testng.internal.Invoker.invokeMethod(Invoker.java:583)
at org.testng.internal.Invoker.invokeTestMethod(Invoker.java:719)
at org.testng.internal.Invoker.invokeTestMethods(Invoker.java:989)
at org.testng.internal.TestMethodWorker.invokeTestMethods(TestMethodWorker.java:125)
at org.testng.internal.TestMethodWorker.run(TestMethodWorker.java:109)
at java.util.concurrent.ThreadPoolExecutor.runWorker(ThreadPoolExecutor.java:1149)
at java.util.concurrent.ThreadPoolExecutor$Worker.run(ThreadPoolExecutor.java:624)
at java.lang.Thread.run(Thread.java:748)
]]>
            </full-stacktrace>
          </exception> <!-- java.lang.NullPointerException -->
          <reporter-output>
          </reporter-output>
        </test-method> <!-- Listdresses -->
        <test-method status="FAIL" signature="Numberdresses()[pri:0, instance:com.qa.tests.DressesPageTest@2cf92cc7]" name="Numberdresses" duration-ms="186" started-at="2020-10-10T05:11:14Z" finished-at="2020-10-10T05:11:14Z">
          <exception class="java.lang.NullPointerException">
            <full-stacktrace>
              <![CDATA[java.lang.NullPointerException
at java.util.Objects.requireNonNull(Objects.java:203)
at org.openqa.selenium.support.ui.FluentWait.<init>(FluentWait.java:106)
at org.openqa.selenium.support.ui.WebDriverWait.<init>(WebDriverWait.java:85)
at org.openqa.selenium.support.ui.WebDriverWait.<init>(WebDriverWait.java:45)
at com.qa.utils.ElementUtil.waitForElementPresent(ElementUtil.java:151)
at com.qa.pages.DressesPage.clickonDressbutton(DressesPage.java:80)
at com.qa.pages.DressesPage.numberofDresses(DressesPage.java:32)
at com.qa.tests.DressesPageTest.Numberdresses(DressesPageTest.java:22)
at sun.reflect.NativeMethodAccessorImpl.invoke0(Native Method)
at sun.reflect.NativeMethodAccessorImpl.invoke(NativeMethodAccessorImpl.java:62)
at sun.reflect.DelegatingMethodAccessorImpl.invoke(DelegatingMethodAccessorImpl.java:43)
at java.lang.reflect.Method.invoke(Method.java:498)
at org.testng.internal.MethodInvocationHelper.invokeMethod(MethodInvocationHelper.java:124)
at org.testng.internal.Invoker.invokeMethod(Invoker.java:583)
at org.testng.internal.Invoker.invokeTestMethod(Invoker.java:719)
at org.testng.internal.Invoker.invokeTestMethods(Invoker.java:989)
at org.testng.internal.TestMethodWorker.invokeTestMethods(TestMethodWorker.java:125)
at org.testng.internal.TestMethodWorker.run(TestMethodWorker.java:109)
at java.util.concurrent.ThreadPoolExecutor.runWorker(ThreadPoolExecutor.java:1149)
at java.util.concurrent.ThreadPoolExecutor$Worker.run(ThreadPoolExecutor.java:624)
at java.lang.Thread.run(Thread.java:748)
]]>
            </full-stacktrace>
          </exception> <!-- java.lang.NullPointerException -->
          <reporter-output>
          </reporter-output>
        </test-method> <!-- Numberdresses -->
        <test-method status="FAIL" signature="Discountdresses()[pri:0, instance:com.qa.tests.DressesPageTest@2cf92cc7]" name="Discountdresses" duration-ms="171" started-at="2020-10-10T05:11:14Z" finished-at="2020-10-10T05:11:14Z">
          <exception class="java.lang.NullPointerException">
            <full-stacktrace>
              <![CDATA[java.lang.NullPointerException
at com.qa.pages.DressesPage.discountonDress(DressesPage.java:66)
at com.qa.tests.DressesPageTest.Discountdresses(DressesPageTest.java:50)
at sun.reflect.NativeMethodAccessorImpl.invoke0(Native Method)
at sun.reflect.NativeMethodAccessorImpl.invoke(NativeMethodAccessorImpl.java:62)
at sun.reflect.DelegatingMethodAccessorImpl.invoke(DelegatingMethodAccessorImpl.java:43)
at java.lang.reflect.Method.invoke(Method.java:498)
at org.testng.internal.MethodInvocationHelper.invokeMethod(MethodInvocationHelper.java:124)
at org.testng.internal.Invoker.invokeMethod(Invoker.java:583)
at org.testng.internal.Invoker.invokeTestMethod(Invoker.java:719)
at org.testng.internal.Invoker.invokeTestMethods(Invoker.java:989)
at org.testng.internal.TestMethodWorker.invokeTestMethods(TestMethodWorker.java:125)
at org.testng.internal.TestMethodWorker.run(TestMethodWorker.java:109)
at java.util.concurrent.ThreadPoolExecutor.runWorker(ThreadPoolExecutor.java:1149)
at java.util.concurrent.ThreadPoolExecutor$Worker.run(ThreadPoolExecutor.java:624)
at java.lang.Thread.run(Thread.java:748)
]]>
            </full-stacktrace>
          </exception> <!-- java.lang.NullPointerException -->
          <reporter-output>
          </reporter-output>
        </test-method> <!-- Discountdresses -->
        <test-method status="FAIL" signature="Pricedresses()[pri:0, instance:com.qa.tests.DressesPageTest@2cf92cc7]" name="Pricedresses" duration-ms="5" started-at="2020-10-10T05:11:15Z" finished-at="2020-10-10T05:11:15Z">
          <exception class="java.lang.NullPointerException">
            <full-stacktrace>
              <![CDATA[java.lang.NullPointerException
at com.qa.pages.DressesPage.priceofDress(DressesPage.java:53)
at com.qa.tests.DressesPageTest.Pricedresses(DressesPageTest.java:41)
at sun.reflect.NativeMethodAccessorImpl.invoke0(Native Method)
at sun.reflect.NativeMethodAccessorImpl.invoke(NativeMethodAccessorImpl.java:62)
at sun.reflect.DelegatingMethodAccessorImpl.invoke(DelegatingMethodAccessorImpl.java:43)
at java.lang.reflect.Method.invoke(Method.java:498)
at org.testng.internal.MethodInvocationHelper.invokeMethod(MethodInvocationHelper.java:124)
at org.testng.internal.Invoker.invokeMethod(Invoker.java:583)
at org.testng.internal.Invoker.invokeTestMethod(Invoker.java:719)
at org.testng.internal.Invoker.invokeTestMethods(Invoker.java:989)
at org.testng.internal.TestMethodWorker.invokeTestMethods(TestMethodWorker.java:125)
at org.testng.internal.TestMethodWorker.run(TestMethodWorker.java:109)
at java.util.concurrent.ThreadPoolExecutor.runWorker(ThreadPoolExecutor.java:1149)
at java.util.concurrent.ThreadPoolExecutor$Worker.run(ThreadPoolExecutor.java:624)
at java.lang.Thread.run(Thread.java:748)
]]>
            </full-stacktrace>
          </exception> <!-- java.lang.NullPointerException -->
          <reporter-output>
          </reporter-output>
        </test-method> <!-- Pricedresses -->
        <test-method status="PASS" signature="teardown()[pri:0, instance:com.qa.tests.DressesPageTest@2cf92cc7]" name="teardown" is-config="true" duration-ms="3038" started-at="2020-10-10T05:11:15Z" finished-at="2020-10-10T05:11:18Z">
          <reporter-output>
          </reporter-output>
        </test-method> <!-- teardown -->
      </class> <!-- com.qa.tests.DressesPageTest -->
    </test> <!-- Ecommerce Demo Page -->
  </suite> <!-- Ecommerce regression suite -->
</testng-results>
