<?xml version="1.0" encoding="UTF-8"?>
<!-- Generated by org.testng.reporters.JUnitXMLReporter -->
<testsuite hostname="LAPTOP-9738CE5M" ignored="0" name="Ecommerce WomensPage" tests="4" failures="0" timestamp="10 Oct 2020 04:45:12 GMT" time="22.211" errors="0">
  <testcase name="Numberdresses" time="4.681" classname="com.qa.tests.WomensPageTest"/>
  <testcase name="Listdresses" time="0.351" classname="com.qa.tests.WomensPageTest"/>
  <testcase name="Pricedresses" time="0.494" classname="com.qa.tests.WomensPageTest"/>
  <testcase name="Discountdresses" time="0.146" classname="com.qa.tests.WomensPageTest"/>
</testsuite> <!-- Ecommerce WomensPage -->
