<?xml version="1.0" encoding="UTF-8"?>
<!-- Generated by org.testng.reporters.JUnitXMLReporter -->
<testsuite hostname="LAPTOP-9738CE5M" ignored="0" name="Ecommerce TShirtsPage" tests="3" failures="0" timestamp="10 Oct 2020 04:45:10 GMT" time="19.862" errors="0">
  <testcase name="Numberdresses" time="3.942" classname="com.qa.tests.TShirtsPageTest"/>
  <testcase name="Listdresses" time="0.088" classname="com.qa.tests.TShirtsPageTest"/>
  <testcase name="Pricedresses" time="0.089" classname="com.qa.tests.TShirtsPageTest"/>
</testsuite> <!-- Ecommerce TShirtsPage -->
